root@ubuntu20:/media/psf/Home/lukscrow# ./lukscrow --luks-device /dev/sda6 --ldap-url "ldap://dc.domain.local" --computers-base-dn "CN=Computers,DC=domain,DC=local" --unlock-key testkey
Getting principal...
Using principal 'UBUNTU20$'
Creating Kerberos credential cache...
Using credential cache '/tmp/tmpucgw6wp8'
Connecting to AD...
Connected as 'u:DOMAIN\UBUNTU20$'
Looking up a computer account in LDAP...
Computer dn 'CN=UBUNTU20,CN=Computers,DC=domain,DC=local'
Generating recovery info...
msFVE-RecoveryGuid '24711def-83b3-4db8-87f1-2090a90b5ac1'
msFVE-VolumeGuid 'b93c583b-81f4-4866-851a-e84d0277aa47'
Adding recovery key to LUKS volume...
New key added
Checking recovery key...
Correct key
Storing recovery key in AD...
Recovery key saved in AD
Removing credential cache '/tmp/tmpucgw6wp8'...
Credential cache deleted
Complete!
root@ubuntu20:/media/psf/Home/lukscrow# ./lukscrow --luks-device /dev/sda6 --ldap-url "ldap://dc.domain.local" --computers-base-dn "CN=Computers,DC=domain,DC=local" --unlock-key testkey
Getting principal...
Using principal 'UBUNTU20$'
Creating Kerberos credential cache...
Using credential cache '/tmp/tmppi6lto9x'
Connecting to AD...
Connected as 'u:DOMAIN\UBUNTU20$'
Looking up a computer account in LDAP...
Computer dn 'CN=UBUNTU20,CN=Computers,DC=domain,DC=local'
Generating recovery info...
msFVE-RecoveryGuid 'c6e89fd8-085a-41f3-8731-07dd9cb45463'
msFVE-VolumeGuid 'b93c583b-81f4-4866-851a-e84d0277aa47'
Adding recovery key to LUKS volume...
New key added
Checking recovery key...
Correct key
Storing recovery key in AD...
Recovery key saved in AD
Removing credential cache '/tmp/tmppi6lto9x'...
Credential cache deleted
Complete!
